0 info it worked if it ends with ok
1 verbose cli [ '/usr/local/bin/node',
1 verbose cli   '/usr/local/bin/npm',
1 verbose cli   'publish',
1 verbose cli   'angular2-translate' ]
2 info using npm@3.10.10
3 info using node@v6.9.5
4 verbose publish [ 'angular2-translate' ]
5 silly cache add args [ 'angular2-translate', null ]
6 verbose cache add spec angular2-translate
7 silly cache add parsed spec Result {
7 silly cache add   raw: 'angular2-translate',
7 silly cache add   scope: null,
7 silly cache add   escapedName: 'angular2-translate',
7 silly cache add   name: 'angular2-translate',
7 silly cache add   rawSpec: '',
7 silly cache add   spec: 'latest',
7 silly cache add   type: 'tag' }
8 silly addNamed angular2-translate@latest
9 verbose addNamed "latest" is being treated as a dist-tag for angular2-translate
10 info addNameTag [ 'angular2-translate', 'latest' ]
11 silly mapToRegistry name angular2-translate
12 silly mapToRegistry using default registry
13 silly mapToRegistry registry https://registry.npmjs.org/
14 silly mapToRegistry data Result {
14 silly mapToRegistry   raw: 'angular2-translate',
14 silly mapToRegistry   scope: null,
14 silly mapToRegistry   escapedName: 'angular2-translate',
14 silly mapToRegistry   name: 'angular2-translate',
14 silly mapToRegistry   rawSpec: '',
14 silly mapToRegistry   spec: 'latest',
14 silly mapToRegistry   type: 'tag' }
15 silly mapToRegistry uri https://registry.npmjs.org/angular2-translate
16 verbose addNameTag registry:https://registry.npmjs.org/angular2-translate not in flight; fetching
17 verbose request uri https://registry.npmjs.org/angular2-translate
18 verbose request no auth needed
19 info attempt registry request try #1 at 18:28:11
20 verbose request using bearer token for auth
21 verbose request id 8949abfbfd7f3472
22 verbose etag W/"59393923-6bad"
23 verbose lastModified Thu, 08 Jun 2017 11:46:43 GMT
24 http request GET https://registry.npmjs.org/angular2-translate
25 http 304 https://registry.npmjs.org/angular2-translate
26 verbose headers { server: 'nginx/1.10.1',
26 verbose headers   'last-modified': 'Thu, 08 Jun 2017 11:46:43 GMT',
26 verbose headers   etag: '"59393923-6bad"',
26 verbose headers   'cache-control': 'max-age=300',
26 verbose headers   'accept-ranges': 'bytes',
26 verbose headers   date: 'Wed, 28 Jun 2017 10:28:11 GMT',
26 verbose headers   via: '1.1 varnish',
26 verbose headers   connection: 'keep-alive',
26 verbose headers   'x-served-by': 'cache-hkg6823-HKG',
26 verbose headers   'x-cache': 'MISS',
26 verbose headers   'x-cache-hits': '0',
26 verbose headers   'x-timer': 'S1498645691.417891,VS0,VE155',
26 verbose headers   vary: 'Accept-Encoding' }
27 silly get cb [ 304,
27 silly get   { server: 'nginx/1.10.1',
27 silly get     'last-modified': 'Thu, 08 Jun 2017 11:46:43 GMT',
27 silly get     etag: '"59393923-6bad"',
27 silly get     'cache-control': 'max-age=300',
27 silly get     'accept-ranges': 'bytes',
27 silly get     date: 'Wed, 28 Jun 2017 10:28:11 GMT',
27 silly get     via: '1.1 varnish',
27 silly get     connection: 'keep-alive',
27 silly get     'x-served-by': 'cache-hkg6823-HKG',
27 silly get     'x-cache': 'MISS',
27 silly get     'x-cache-hits': '0',
27 silly get     'x-timer': 'S1498645691.417891,VS0,VE155',
27 silly get     vary: 'Accept-Encoding' } ]
28 verbose etag https://registry.npmjs.org/angular2-translate from cache
29 verbose get saving angular2-translate to /Users/jacky/.npm/registry.npmjs.org/angular2-translate/.cache.json
30 verbose correctMkdir /Users/jacky/.npm correctMkdir not in flight; initializing
31 silly addNameTag next cb for angular2-translate with tag latest
32 silly addNamed angular2-translate@5.2.0
33 verbose addNamed "5.2.0" is a plain semver version for angular2-translate
34 silly cache afterAdd angular2-translate@5.2.0
35 verbose afterAdd /Users/jacky/.npm/angular2-translate/5.2.0/package/package.json not in flight; writing
36 verbose correctMkdir /Users/jacky/.npm correctMkdir not in flight; initializing
37 verbose afterAdd /Users/jacky/.npm/angular2-translate/5.2.0/package/package.json written
38 silly publish { name: 'angular2-translate',
38 silly publish   description: 'Simple translate for angular2',
38 silly publish   keywords: [ 'angular', 'angular2', 'translate', 'i18n' ],
38 silly publish   main: 'dist/index.js',
38 silly publish   typings: './dist/index.d.ts',
38 silly publish   scripts:
38 silly publish    { test: 'mocha --require core-js/shim --require reflect-metadata --require ts-node/register lib/**/*.spec.ts',
38 silly publish      prepublish: 'typings install && rimraf dist && tsc',
38 silly publish      'semantic-release': 'semantic-release pre && npm publish && semantic-release post' },
38 silly publish   repository:
38 silly publish    { type: 'git',
38 silly publish      url: 'git+https://github.com/Valetudox/angular2-translate.git' },
38 silly publish   author: { name: 'Viktor Somodi', email: 'viktor.somodi@emarsys.com' },
38 silly publish   license: 'ISC',
38 silly publish   bugs: { url: 'https://github.com/Valetudox/angular2-translate/issues' },
38 silly publish   homepage: 'https://github.com/Valetudox/angular2-translate#readme',
38 silly publish   dependencies: { 'sprintf-js': '^1.0.3', flat: '^1.6.0' },
38 silly publish   peerDependencies: { '@angular/core': '^2.0.0' },
38 silly publish   devDependencies:
38 silly publish    { '@angular/core': '^2.0.0',
38 silly publish      chai: '3.5.0',
38 silly publish      'core-js': '2.4.1',
38 silly publish      mocha: '2.4.5',
38 silly publish      'reflect-metadata': '0.1.8',
38 silly publish      rimraf: '2.5.2',
38 silly publish      rxjs: '5.0.0-rc.3',
38 silly publish      'semantic-release': '6.2.1',
38 silly publish      'ts-node': '0.7.0',
38 silly publish      typescript: '2.0.10',
38 silly publish      typings: '2.0.0',
38 silly publish      'zone.js': '0.6.26' },
38 silly publish   version: '5.2.0',
38 silly publish   gitHead: '68719020be821c51defc72d0d93a9de526c8d60e',
38 silly publish   _id: 'angular2-translate@5.2.0',
38 silly publish   _shasum: '4c72fd8b350349797f2bc16e1f50f23109119842',
38 silly publish   _from: 'angular2-translate@latest',
38 silly publish   _npmVersion: '3.8.6',
38 silly publish   _nodeVersion: '5.12.0',
38 silly publish   _npmUser: { name: 'sviktor', email: 'somodi.viktor@gmail.com' },
38 silly publish   dist:
38 silly publish    { shasum: '4c72fd8b350349797f2bc16e1f50f23109119842',
38 silly publish      tarball: 'https://registry.npmjs.org/angular2-translate/-/angular2-translate-5.2.0.tgz' },
38 silly publish   maintainers: [ { name: 'sviktor', email: 'somodi.viktor@gmail.com' } ],
38 silly publish   _npmOperationalInternal:
38 silly publish    { host: 'packages-18-east.internal.npmjs.com',
38 silly publish      tmp: 'tmp/angular2-translate-5.2.0.tgz_1479459923249_0.9308666891884059' },
38 silly publish   directories: {},
38 silly publish   _resolved: 'https://registry.npmjs.org/angular2-translate/-/angular2-translate-5.2.0.tgz',
38 silly publish   readme: 'ERROR: No README data found!' }
39 info lifecycle angular2-translate@5.2.0~prepublish: angular2-translate@5.2.0
40 verbose lifecycle angular2-translate@5.2.0~prepublish: unsafe-perm in lifecycle true
41 verbose lifecycle angular2-translate@5.2.0~prepublish: PATH: /usr/local/lib/node_modules/npm/bin/node-gyp-bin:/Users/jacky/.npm/angular2-translate/5.2.0/package/node_modules/.bin:/usr/bin:/bin:/usr/sbin:/sbin:/usr/local/bin
42 verbose lifecycle angular2-translate@5.2.0~prepublish: CWD: /Users/jacky/.npm/angular2-translate/5.2.0/package
43 silly lifecycle angular2-translate@5.2.0~prepublish: Args: [ '-c', 'typings install && rimraf dist && tsc' ]
44 info lifecycle angular2-translate@5.2.0~prepublish: Failed to exec prepublish script
45 verbose stack Error: angular2-translate@5.2.0 prepublish: `typings install && rimraf dist && tsc`
45 verbose stack spawn ENOENT
45 verbose stack     at ChildProcess.<anonymous> (/usr/local/lib/node_modules/npm/lib/utils/spawn.js:33:16)
45 verbose stack     at emitTwo (events.js:106:13)
45 verbose stack     at ChildProcess.emit (events.js:191:7)
45 verbose stack     at maybeClose (internal/child_process.js:877:16)
45 verbose stack     at Process.ChildProcess._handle.onexit (internal/child_process.js:226:5)
46 verbose pkgid angular2-translate@5.2.0
47 verbose cwd /Users/jacky/Projects/Angular/ng2-translate
48 error Darwin 16.6.0
49 error argv "/usr/local/bin/node" "/usr/local/bin/npm" "publish" "angular2-translate"
50 error node v6.9.5
51 error npm  v3.10.10
52 error file sh
53 error code ELIFECYCLE
54 error errno ENOENT
55 error syscall spawn
56 error angular2-translate@5.2.0 prepublish: `typings install && rimraf dist && tsc`
56 error spawn ENOENT
57 error Failed at the angular2-translate@5.2.0 prepublish script 'typings install && rimraf dist && tsc'.
57 error Make sure you have the latest version of node.js and npm installed.
57 error If you do, this is most likely a problem with the angular2-translate package,
57 error not with npm itself.
57 error Tell the author that this fails on your system:
57 error     typings install && rimraf dist && tsc
57 error You can get information on how to open an issue for this project with:
57 error     npm bugs angular2-translate
57 error Or if that isn't available, you can get their info via:
57 error     npm owner ls angular2-translate
57 error There is likely additional logging output above.
58 verbose exit [ 1, true ]
